<?xml version="1.0" encoding="UTF-8"?>
<!-- Generated by org.testng.reporters.JUnitReportReporter -->
<testsuite hostname="DESKTOP-PG7NEKE" failures="0" tests="5" name="TestNGfirstcode.Bookticket" time="0.026" errors="0" timestamp="2023-05-08T10:56:36 IST" skipped="0">
  <testcase classname="TestNGfirstcode.Bookticket" name="bookTicketTest1" time="0.002"/>
  <system-out/>
  <testcase classname="TestNGfirstcode.Bookticket" name="bookTicketTest1" time="0.014"/>
  <system-out/>
  <testcase classname="TestNGfirstcode.Bookticket" name="bookTicketTest1" time="0.002"/>
  <system-out/>
  <testcase classname="TestNGfirstcode.Bookticket" name="bookTicketTest1" time="0.005"/>
  <system-out/>
  <testcase classname="TestNGfirstcode.Bookticket" name="bookTicketTest1" time="0.003"/>
  <system-out/>
</testsuite> <!-- TestNGfirstcode.Bookticket -->
