<?xml version="1.0" encoding="UTF-8"?>
<!-- Generated by org.testng.reporters.JUnitReportReporter -->
<testsuite hostname="DESKTOP-PG7NEKE" failures="0" tests="1" name="SeleniumMavenProject.HelloWorld" time="0.022" errors="0" timestamp="2023-04-10T10:24:49 IST" skipped="0">
  <testcase classname="SeleniumMavenProject.HelloWorld" name="HelloWorld" time="0.022"/>
  <system-out/>
</testsuite> <!-- SeleniumMavenProject.HelloWorld -->
