<?xml version="1.0" encoding="UTF-8"?>
<!-- Generated by org.testng.reporters.JUnitReportReporter -->
<testsuite hostname="DESKTOP-PG7NEKE" failures="0" tests="2" name="classavd.Hardassert" time="0.028" errors="0" timestamp="2023-05-09T14:27:40 IST" skipped="0">
  <testcase classname="classavd.Hardassert" name="modifyCustomerTest" time="0.002"/>
  <system-out/>
  <testcase classname="classavd.Hardassert" name="createCustomerTest" time="0.026"/>
  <system-out/>
</testsuite> <!-- classavd.Hardassert -->
