<?xml version="1.0" encoding="UTF-8"?>
<!-- Generated by org.testng.reporters.JUnitReportReporter -->
<testsuite hostname="DESKTOP-PG7NEKE" failures="0" tests="3" name="TestNGfirstcode.Creatorgtest" time="0.032" errors="0" timestamp="2023-05-08T14:26:07 IST" skipped="0">
  <testcase classname="TestNGfirstcode.Creatorgtest" name="createOrgwithIndustries" time="0.003"/>
  <system-out/>
  <testcase classname="TestNGfirstcode.Creatorgtest" name="createOrgwithRatingTest" time="0.009"/>
  <system-out/>
  <testcase classname="TestNGfirstcode.Creatorgtest" name="creatOrgTest" time="0.020"/>
  <system-out/>
</testsuite> <!-- TestNGfirstcode.Creatorgtest -->
