<?xml version="1.0" encoding="UTF-8"?>
<!-- Generated by org.testng.reporters.JUnitReportReporter -->
<testsuite hostname="DESKTOP-PG7NEKE" failures="0" tests="3" name="TestNGfirstcode.TestNG" time="0.021" errors="0" timestamp="2023-05-05T12:59:56 IST" skipped="0">
  <testcase classname="TestNGfirstcode.TestNG" name="customertest" time="0.012"/>
  <system-out/>
  <testcase classname="TestNGfirstcode.TestNG" name="TestNG" time="0.007"/>
  <system-out/>
  <testcase classname="TestNGfirstcode.TestNG" name="Enduser" time="0.002"/>
  <system-out/>
</testsuite> <!-- TestNGfirstcode.TestNG -->
